<?xml version="1.0" encoding="UTF-8"?>
<!-- Generated by org.testng.reporters.JUnitXMLReporter -->
<testsuite ignored="15" hostname="DucAnh" failures="1" tests="1" name="Default test" time="46.824" errors="0" timestamp="2020-05-27T00:17:39 ICT">
  <testcase classname="com.project.test.Final_Project" name="sendToFriend" time="41.008">
    <failure type="org.openqa.selenium.ElementNotInteractableException" message="element not interactable
  (Session info: chrome=81.0.4044.138)
Build info: version: &amp;apos;3.141.59&amp;apos;, revision: &amp;apos;e82be7d358&amp;apos;, time: &amp;apos;2018-11-14T08:17:03&amp;apos;
System info: host: &amp;apos;DUCANH&amp;apos;, ip: &amp;apos;10.10.31.85&amp;apos;, os.name: &amp;apos;Windows 10&amp;apos;, os.arch: &amp;apos;amd64&amp;apos;, os.version: &amp;apos;10.0&amp;apos;, java.version: &amp;apos;13.0.2&amp;apos;
Driver info: org.openqa.selenium.chrome.ChromeDriver
Capabilities {acceptInsecureCerts: false, browserName: chrome, browserVersion: 81.0.4044.138, chrome: {chromedriverVersion: 80.0.3987.106 (f68069574609..., userDataDir: C:\Users\LQA\AppData\Local\...}, goog:chromeOptions: {debuggerAddress: localhost:55112}, javascriptEnabled: true, networkConnectionEnabled: false, pageLoadStrategy: normal, platform: WINDOWS, platformName: WINDOWS, proxy: Proxy(), setWindowRect: true, strictFileInteractability: false, timeouts: {implicit: 0, pageLoad: 300000, script: 30000}, unhandledPromptBehavior: dismiss and notify}
Session ID: fa6eb5ec03e2962bd369f93b8420da22">
      <![CDATA[org.openqa.selenium.ElementNotInteractableException: element not interactable
  (Session info: chrome=81.0.4044.138)
Build info: version: '3.141.59', revision: 'e82be7d358', time: '2018-11-14T08:17:03'
System info: host: 'DUCANH', ip: '10.10.31.85', os.name: 'Windows 10', os.arch: 'amd64', os.version: '10.0', java.version: '13.0.2'
Driver info: org.openqa.selenium.chrome.ChromeDriver
Capabilities {acceptInsecureCerts: false, browserName: chrome, browserVersion: 81.0.4044.138, chrome: {chromedriverVersion: 80.0.3987.106 (f68069574609..., userDataDir: C:\Users\LQA\AppData\Local\...}, goog:chromeOptions: {debuggerAddress: localhost:55112}, javascriptEnabled: true, networkConnectionEnabled: false, pageLoadStrategy: normal, platform: WINDOWS, platformName: WINDOWS, proxy: Proxy(), setWindowRect: true, strictFileInteractability: false, timeouts: {implicit: 0, pageLoad: 300000, script: 30000}, unhandledPromptBehavior: dismiss and notify}
Session ID: fa6eb5ec03e2962bd369f93b8420da22
at java.base/jdk.internal.reflect.NativeConstructorAccessorImpl.newInstance0(Native Method)
at java.base/jdk.internal.reflect.NativeConstructorAccessorImpl.newInstance(NativeConstructorAccessorImpl.java:62)
at java.base/jdk.internal.reflect.DelegatingConstructorAccessorImpl.newInstance(DelegatingConstructorAccessorImpl.java:45)
at java.base/java.lang.reflect.Constructor.newInstanceWithCaller(Constructor.java:500)
at java.base/java.lang.reflect.Constructor.newInstance(Constructor.java:481)
at org.openqa.selenium.remote.http.W3CHttpResponseCodec.createException(W3CHttpResponseCodec.java:187)
at org.openqa.selenium.remote.http.W3CHttpResponseCodec.decode(W3CHttpResponseCodec.java:122)
at org.openqa.selenium.remote.http.W3CHttpResponseCodec.decode(W3CHttpResponseCodec.java:49)
at org.openqa.selenium.remote.HttpCommandExecutor.execute(HttpCommandExecutor.java:158)
at org.openqa.selenium.remote.service.DriverCommandExecutor.execute(DriverCommandExecutor.java:83)
at org.openqa.selenium.remote.RemoteWebDriver.execute(RemoteWebDriver.java:552)
at org.openqa.selenium.remote.RemoteWebElement.execute(RemoteWebElement.java:285)
at org.openqa.selenium.remote.RemoteWebElement.sendKeys(RemoteWebElement.java:106)
at com.project.pages.ProductDetail.setFriendName(ProductDetail.java:110)
at com.project.pages.ProductDetail.inputDataSendFriendEmail(ProductDetail.java:120)
at com.project.test.Final_Project.sendToFriend(Final_Project.java:372)
at java.base/jdk.internal.reflect.NativeMethodAccessorImpl.invoke0(Native Method)
at java.base/jdk.internal.reflect.NativeMethodAccessorImpl.invoke(NativeMethodAccessorImpl.java:62)
at java.base/jdk.internal.reflect.DelegatingMethodAccessorImpl.invoke(DelegatingMethodAccessorImpl.java:43)
at java.base/java.lang.reflect.Method.invoke(Method.java:567)
at org.testng.internal.MethodInvocationHelper.invokeMethod(MethodInvocationHelper.java:134)
at org.testng.internal.TestInvoker.invokeMethod(TestInvoker.java:597)
at org.testng.internal.TestInvoker.invokeTestMethod(TestInvoker.java:173)
at org.testng.internal.MethodRunner.runInSequence(MethodRunner.java:46)
at org.testng.internal.TestInvoker$MethodInvocationAgent.invoke(TestInvoker.java:816)
at org.testng.internal.TestInvoker.invokeTestMethods(TestInvoker.java:146)
at org.testng.internal.TestMethodWorker.invokeTestMethods(TestMethodWorker.java:146)
at org.testng.internal.TestMethodWorker.run(TestMethodWorker.java:128)
at java.base/java.util.ArrayList.forEach(ArrayList.java:1507)
at org.testng.TestRunner.privateRun(TestRunner.java:766)
at org.testng.TestRunner.run(TestRunner.java:587)
at org.testng.SuiteRunner.runTest(SuiteRunner.java:384)
at org.testng.SuiteRunner.runSequentially(SuiteRunner.java:378)
at org.testng.SuiteRunner.privateRun(SuiteRunner.java:337)
at org.testng.SuiteRunner.run(SuiteRunner.java:286)
at org.testng.SuiteRunnerWorker.runSuite(SuiteRunnerWorker.java:53)
at org.testng.SuiteRunnerWorker.run(SuiteRunnerWorker.java:96)
at org.testng.TestNG.runSuitesSequentially(TestNG.java:1187)
at org.testng.TestNG.runSuitesLocally(TestNG.java:1109)
at org.testng.TestNG.runSuites(TestNG.java:1039)
at org.testng.TestNG.run(TestNG.java:1007)
at org.testng.remote.AbstractRemoteTestNG.run(AbstractRemoteTestNG.java:115)
at org.testng.remote.RemoteTestNG.initAndRun(RemoteTestNG.java:251)
at org.testng.remote.RemoteTestNG.main(RemoteTestNG.java:77)
]]>
    </failure>
  </testcase> <!-- sendToFriend -->
  <testcase classname="com.project.test.Final_Project" name="searchkeyworkSuggestion" time="0.0">
    <ignored/>
  </testcase> <!-- searchkeyworkSuggestion -->
  <testcase classname="com.project.test.Final_Project" name="searchResult" time="0.0">
    <ignored/>
  </testcase> <!-- searchResult -->
  <testcase classname="com.project.test.Final_Project" name="checkSearchPlaceHolder" time="0.0">
    <ignored/>
  </testcase> <!-- checkSearchPlaceHolder -->
  <testcase classname="com.project.test.Final_Project" name="purchaseReductionProduct" time="0.0">
    <ignored/>
  </testcase> <!-- purchaseReductionProduct -->
  <testcase classname="com.project.test.Final_Project" name="interrupCheckOut" time="0.0">
    <ignored/>
  </testcase> <!-- interrupCheckOut -->
  <testcase classname="com.project.test.Final_Project" name="checkTotalPrice" time="0.0">
    <ignored/>
  </testcase> <!-- checkTotalPrice -->
  <testcase classname="com.project.test.Final_Project" name="checkEmailP2" time="0.0">
    <ignored/>
  </testcase> <!-- checkEmailP2 -->
  <testcase classname="com.project.test.Final_Project" name="creatEmail" time="0.0">
    <ignored/>
  </testcase> <!-- creatEmail -->
  <testcase classname="com.project.test.Final_Project" name="checkNoSearchResult" time="0.0">
    <ignored/>
  </testcase> <!-- checkNoSearchResult -->
  <testcase classname="com.project.test.Final_Project" name="compareSuggAndActual" time="0.0">
    <ignored/>
  </testcase> <!-- compareSuggAndActual -->
  <testcase classname="com.project.test.Final_Project" name="checkPriceInfo" time="0.0">
    <ignored/>
  </testcase> <!-- checkPriceInfo -->
  <testcase classname="com.project.test.Final_Project" name="testCase11_1" time="0.0">
    <ignored/>
  </testcase> <!-- testCase11_1 -->
  <testcase classname="com.project.test.Final_Project" name="checkEmail" time="0.0">
    <ignored/>
  </testcase> <!-- checkEmail -->
  <testcase classname="com.project.test.Final_Project" name="sharetoTwitter" time="0.0">
    <ignored/>
  </testcase> <!-- sharetoTwitter -->
  <testcase classname="com.project.test.Final_Project" name="createInvalidEmail" time="0.0">
    <ignored/>
  </testcase> <!-- createInvalidEmail -->
</testsuite> <!-- Default test -->
