<?xml version="1.0" encoding="UTF-8"?>
<!-- Generated by org.testng.reporters.JUnitXMLReporter -->
<testsuite ignored="2" hostname="DESKTOP-OJ83L4L" failures="1" tests="9" name="Command line test" time="0.269" errors="0" timestamp="2020-05-14T15:35:17 ICT">
  <testcase classname="com.selenium.test.LoginTest" name="@BeforeMethod beforeMethod" time="0.085">
    <failure type="java.lang.IllegalStateException" message="The driver executable does not exist: E:\Learning\Selenium\Webdriver\chromedriver.exe">
      <![CDATA[java.lang.IllegalStateException: The driver executable does not exist: E:\Learning\Selenium\Webdriver\chromedriver.exe
at com.google.common.base.Preconditions.checkState(Preconditions.java:585)
at org.openqa.selenium.remote.service.DriverService.checkExecutable(DriverService.java:146)
at org.openqa.selenium.remote.service.DriverService.findExecutable(DriverService.java:141)
at org.openqa.selenium.chrome.ChromeDriverService.access$000(ChromeDriverService.java:35)
at org.openqa.selenium.chrome.ChromeDriverService$Builder.findDefaultExecutable(ChromeDriverService.java:159)
at org.openqa.selenium.remote.service.DriverService$Builder.build(DriverService.java:355)
at org.openqa.selenium.chrome.ChromeDriverService.createDefaultService(ChromeDriverService.java:94)
at org.openqa.selenium.chrome.ChromeDriver.<init>(ChromeDriver.java:123)
at com.selenium.test.LoginTest.beforeMethod(LoginTest.java:30)
at java.base/java.util.ArrayList.forEach(ArrayList.java:1510)
... Removed 41 stack frames]]>
    </failure>
  </testcase> <!-- @BeforeMethod beforeMethod -->
  <testcase classname="com.selenium.test.LoginTest" name="@AfterMethod afterMethod" time="-1.589445317759E9">
    <skipped/>
  </testcase> <!-- @AfterMethod afterMethod -->
  <testcase classname="com.selenium.test.SecondTest" name="@BeforeMethod beforeMethod" time="0.073">
    <failure type="java.lang.IllegalStateException" message="The driver executable does not exist: E:\Learning\Selenium\Webdriver\chromedriver.exe">
      <![CDATA[java.lang.IllegalStateException: The driver executable does not exist: E:\Learning\Selenium\Webdriver\chromedriver.exe
at com.google.common.base.Preconditions.checkState(Preconditions.java:585)
at org.openqa.selenium.remote.service.DriverService.checkExecutable(DriverService.java:146)
at org.openqa.selenium.remote.service.DriverService.findExecutable(DriverService.java:141)
at org.openqa.selenium.chrome.ChromeDriverService.access$000(ChromeDriverService.java:35)
at org.openqa.selenium.chrome.ChromeDriverService$Builder.findDefaultExecutable(ChromeDriverService.java:159)
at org.openqa.selenium.remote.service.DriverService$Builder.build(DriverService.java:355)
at org.openqa.selenium.chrome.ChromeDriverService.createDefaultService(ChromeDriverService.java:94)
at org.openqa.selenium.chrome.ChromeDriver.<init>(ChromeDriver.java:147)
at com.selenium.test.SecondTest.beforeMethod(SecondTest.java:135)
at java.base/java.util.ArrayList.forEach(ArrayList.java:1510)
... Removed 41 stack frames]]>
    </failure>
  </testcase> <!-- @BeforeMethod beforeMethod -->
  <testcase classname="com.selenium.test.SecondTest" name="@AfterMethod afterMethod" time="-1.589445317842E9">
    <skipped/>
  </testcase> <!-- @AfterMethod afterMethod -->
  <testcase classname="com.study.testng.ParallelTest" name="@BeforeMethod beforeMethod" time="-1.58944531786E9">
    <failure type="org.testng.TestNGException" message="
Parameter &amp;apos;browser&amp;apos; is required by BeforeMethod on method beforeMethod but has not been marked @Optional or defined
">
      <![CDATA[org.testng.TestNGException: 
Parameter 'browser' is required by BeforeMethod on method beforeMethod but has not been marked @Optional or defined

at java.base/java.util.ArrayList.forEach(ArrayList.java:1510)
... Removed 38 stack frames]]>
    </failure>
  </testcase> <!-- @BeforeMethod beforeMethod -->
  <testcase classname="com.study.testng.ParallelTest" name="@AfterMethod afterMethod" time="-1.589445317862E9">
    <skipped/>
  </testcase> <!-- @AfterMethod afterMethod -->
  <testcase classname="com.selenium.test.LoginTest" name="testLogin" time="0.0">
    <skipped/>
  </testcase> <!-- testLogin -->
  <testcase classname="com.selenium.test.SecondTest" name="iPage" time="0.0">
    <skipped/>
  </testcase> <!-- iPage -->
  <testcase classname="com.study.testng.NewTest" name="tc01" time="0.001"/>
  <testcase classname="com.study.testng.NewTest" name="tc02" time="0.0"/>
  <testcase classname="com.study.testng.NewTest" name="tc03" time="0.0"/>
  <testcase classname="com.study.testng.NewTest" name="tc04" time="0.001"/>
  <testcase classname="com.study.testng.NewTest" name="tc05" time="0.0"/>
  <testcase classname="com.study.testng.ParallelTest" name="beforeMethod" time="0.0">
    <failure type="org.testng.TestNGException" message="
Parameter &amp;apos;browser&amp;apos; is required by @Test on method beforeMethod but has not been marked @Optional or defined
">
      <![CDATA[org.testng.TestNGException: 
Parameter 'browser' is required by @Test on method beforeMethod but has not been marked @Optional or defined

at java.base/java.util.ArrayList.forEach(ArrayList.java:1510)
... Removed 36 stack frames]]>
    </failure>
  </testcase> <!-- beforeMethod -->
  <testcase classname="com.study.testng.ParallelTest" name="testLogin" time="0.0">
    <skipped/>
  </testcase> <!-- testLogin -->
  <testcase classname="com.selenium.test.SecondTest" name="download" time="0.0">
    <ignored/>
  </testcase> <!-- download -->
  <testcase classname="com.selenium.test.SecondTest" name="checkAlert" time="0.0">
    <ignored/>
  </testcase> <!-- checkAlert -->
</testsuite> <!-- Command line test -->
